<?xml version="1.0" encoding="UTF-8"?>
<!-- Generated by org.testng.reporters.JUnitReportReporter -->
<testsuite skipped="0" hostname="md2et9mc" name="Selenium.maven.Selenium.maven.test.testcl1" tests="1" failures="0" timestamp="2020-07-13T23:03:50 IST" time="0.005" errors="0">
  <testcase name="t" time="0.005" classname="Selenium.maven.Selenium.maven.test.testcl1"/>
  <system-out/>
</testsuite> <!-- Selenium.maven.Selenium.maven.test.testcl1 -->
